Arguments: 
  /usr/local/Cellar/node/8.9.2/bin/node /usr/local/Cellar/yarn/1.3.2/libexec/bin/yarn.js init

PATH: 
  /Users/hanspistor/Documents/google-cloud-sdk/bin:/Users/hanspistor/.rbenv/shims:/Users/hanspistor/.pyenv/plugins/pyenv-virtualenv/shims:/usr/local/bin:/usr/bin:/bin:/usr/sbin:/sbin:/Library/TeX/texbin:/usr/local/go/bin:/usr/local/share/dotnet:/opt/X11/bin:/Library/Frameworks/Mono.framework/Versions/Current/Commands:/Applications/Wireshark.app/Contents/MacOS:/Users/hanspistor/.pyenv/shims:/Users/hanspistor/.pyenv/bin:/Users/hanspistor/Dropbox/GoLang/bin:/opt/local/bin:/opt/local/sbin:/Users/hanspistor/.antigen/bundles/robbyrussell/oh-my-zsh/lib:/Users/hanspistor/.antigen/bundles/robbyrussell/oh-my-zsh/plugins/git:/Users/hanspistor/.antigen/bundles/robbyrussell/oh-my-zsh/plugins/heroku:/Users/hanspistor/.antigen/bundles/robbyrussell/oh-my-zsh/plugins/pip:/Users/hanspistor/.antigen/bundles/robbyrussell/oh-my-zsh/plugins/lein:/Users/hanspistor/.antigen/bundles/robbyrussell/oh-my-zsh/plugins/command-not-found:/Users/hanspistor/.antigen/bundles/zsh-users/zsh-syntax-highlighting

Yarn version: 
  1.3.2

Node version: 
  8.9.2

Platform: 
  darwin x64

npm manifest: 
  No manifest

yarn manifest: 
  No manifest

Lockfile: 
  No lockfile

Trace: 
  Error: canceled
      at Interface.<anonymous> (/usr/local/Cellar/yarn/1.3.2/libexec/lib/cli.js:121045:13)
      at emitNone (events.js:106:13)
      at Interface.emit (events.js:208:7)
      at Interface._ttyWrite (readline.js:775:16)
      at ReadStream.onkeypress (readline.js:160:10)
      at emitTwo (events.js:126:13)
      at ReadStream.emit (events.js:214:7)
      at emitKeys (internal/readline.js:420:14)
      at emitKeys.next (<anonymous>)
      at ReadStream.onData (readline.js:1011:36)
